<?xml version="1.0" encoding="UTF-8"?>
<testsuite xmlns:xsi="http://www.w3.org/2001/XMLSchema-instance" xsi:schemaLocation="https://maven.apache.org/surefire/maven-surefire-plugin/xsd/surefire-test-report.xsd" name="com.mathworks.ci.RunMATLABTestsInteg" time="286.216" tests="12" errors="0" skipped="0" failures="3">
  <properties>
[...]
</properties>
  <testcase name="verifyJUnitFilePathInput" classname="com.mathworks.ci.RunMATLABTestsInteg" time="27.709"/>
  <testcase name="verifyMatrixBuildFails" classname="com.mathworks.ci.RunMATLABTestsInteg" time="29.497">
    <failure message="unexpected build status; build log was:&#10;------&#10;Started by upstream project &quot;test1&quot; build number 1&#10;originally caused by:&#10; Legacy code started this job.  No cause information is available&#10;Building in workspace C:\Users\vkayithi\jenkins_project\jenkins-matlab-plugin\target\tmp\j h8713950837820521109\workspace\test1\VERSION\R2018a&#10;[R2018a] $ cmd.exe /C C:\Users\vkayithi\jenkins_project\jenkins-matlab-plugin\target/tmp\df27028e-e30b-45f4-b118-471586d39bda\run_matlab_command.bat &quot;exit(runMatlabTests())&quot;&#10;Finished: SUCCESS&#10;&#10;------&#10;&#10;Expected: is &lt;FAILURE&gt;&#10;     but: was &lt;SUCCESS&gt;" type="java.lang.AssertionError"><![CDATA[java.lang.AssertionError: 
unexpected build status; build log was:
------
Started by upstream project "test1" build number 1
originally caused by:
 Legacy code started this job.  No cause information is available
Building in workspace C:\Users\vkayithi\jenkins_project\jenkins-matlab-plugin\target\tmp\j h8713950837820521109\workspace\test1\VERSION\R2018a
[R2018a] $ cmd.exe /C C:\Users\vkayithi\jenkins_project\jenkins-matlab-plugin\target/tmp\df27028e-e30b-45f4-b118-471586d39bda\run_matlab_command.bat "exit(runMatlabTests())"
Finished: SUCCESS

------

Expected: is <FAILURE>
     but: was <SUCCESS>
	at org.hamcrest.MatcherAssert.assertThat(MatcherAssert.java:20)
	at org.junit.Assert.assertThat(Assert.java:964)
	at org.jvnet.hudson.test.JenkinsRule.assertBuildStatus(JenkinsRule.java:1328)
	at com.mathworks.ci.RunMATLABTestsInteg.verifyMatrixBuildFails(RunMATLABTestsInteg.java:260)
	at sun.reflect.NativeMethodAccessorImpl.invoke0(Native Method)
	at sun.reflect.NativeMethodAccessorImpl.invoke(NativeMethodAccessorImpl.java:62)
	at sun.reflect.DelegatingMethodAccessorImpl.invoke(DelegatingMethodAccessorImpl.java:43)
	at java.lang.reflect.Method.invoke(Method.java:498)
	at org.junit.runners.model.FrameworkMethod$1.runReflectiveCall(FrameworkMethod.java:59)
	at org.junit.internal.runners.model.ReflectiveCallable.run(ReflectiveCallable.java:12)
	at org.junit.runners.model.FrameworkMethod.invokeExplosively(FrameworkMethod.java:56)
	at org.junit.internal.runners.statements.InvokeMethod.evaluate(InvokeMethod.java:17)
	at org.junit.internal.runners.statements.RunBefores.evaluate(RunBefores.java:26)
	at org.junit.internal.runners.statements.RunAfters.evaluate(RunAfters.java:27)
	at org.jvnet.hudson.test.JenkinsRule$1.evaluate(JenkinsRule.java:597)
	at org.junit.internal.runners.statements.FailOnTimeout$CallableStatement.call(FailOnTimeout.java:288)
	at org.junit.internal.runners.statements.FailOnTimeout$CallableStatement.call(FailOnTimeout.java:282)
	at java.util.concurrent.FutureTask.run(FutureTask.java:266)
	at java.lang.Thread.run(Thread.java:748)
]]></failure>
    <system-out><![CDATA[=== Starting verifyMatrixBuildFails(com.mathworks.ci.RunMATLABTestsInteg)
]]></system-out>
    <system-err><![CDATA[   0.014 [id=96]	INFO	o.jvnet.hudson.test.JenkinsRule#createWebServer: Running on http://localhost:58269/jenkins/
   0.044 [id=109]	INFO	jenkins.InitReactorRunner$1#onAttained: Started initialization
   0.048 [id=122]	INFO	jenkins.InitReactorRunner$1#onAttained: Listed all plugins
   0.147 [id=122]	INFO	jenkins.InitReactorRunner$1#onAttained: Prepared all plugins
   0.149 [id=122]	INFO	jenkins.InitReactorRunner$1#onAttained: Started all plugins
   0.150 [id=114]	INFO	jenkins.InitReactorRunner$1#onAttained: Augmented all extensions
   0.503 [id=117]	INFO	jenkins.InitReactorRunner$1#onAttained: Loaded all jobs
   0.515 [id=113]	INFO	jenkins.InitReactorRunner$1#onAttained: Completed initialization
  13.710 [id=133]	INFO	hudson.model.Run#execute: test1/VERSION=R2018a #1 main build action completed: SUCCESS
  26.048 [id=132]	INFO	hudson.model.Run#execute: test1/VERSION=R2018b #1 main build action completed: SUCCESS
  29.120 [id=147]	INFO	hudson.model.Run#execute: test1 #1 main build action completed: SUCCESS
  29.166 [id=96]	INFO	jenkins.model.Jenkins#cleanUp: Stopping Jenkins
  29.248 [id=96]	INFO	jenkins.model.Jenkins#cleanUp: Jenkins stopped
]]></system-err>
  </testcase>
  <testcase name="verifyPDFReportFilePathInput" classname="com.mathworks.ci.RunMATLABTestsInteg" time="20.081"/>
  <testcase name="verifyInvalidMATLABRootError" classname="com.mathworks.ci.RunMATLABTestsInteg" time="16.076">
    <failure message="The page does not contain the text &apos;Unable to find MATLAB on this machine using the specified location. The specified root folder might contain MATLAB on a different build agent.&apos;." type="java.lang.AssertionError">java.lang.AssertionError: The page does not contain the text 'Unable to find MATLAB on this machine using the specified location. The specified root folder might contain MATLAB on a different build agent.'.
	at com.gargoylesoftware.htmlunit.WebAssert.assertTextPresent(WebAssert.java:157)
	at com.mathworks.ci.RunMATLABTestsInteg.verifyInvalidMATLABRootError(RunMATLABTestsInteg.java:122)
	at sun.reflect.NativeMethodAccessorImpl.invoke0(Native Method)
	at sun.reflect.NativeMethodAccessorImpl.invoke(NativeMethodAccessorImpl.java:62)
	at sun.reflect.DelegatingMethodAccessorImpl.invoke(DelegatingMethodAccessorImpl.java:43)
	at java.lang.reflect.Method.invoke(Method.java:498)
	at org.junit.runners.model.FrameworkMethod$1.runReflectiveCall(FrameworkMethod.java:59)
	at org.junit.internal.runners.model.ReflectiveCallable.run(ReflectiveCallable.java:12)
	at org.junit.runners.model.FrameworkMethod.invokeExplosively(FrameworkMethod.java:56)
	at org.junit.internal.runners.statements.InvokeMethod.evaluate(InvokeMethod.java:17)
	at org.junit.internal.runners.statements.RunBefores.evaluate(RunBefores.java:26)
	at org.junit.internal.runners.statements.RunAfters.evaluate(RunAfters.java:27)
	at org.jvnet.hudson.test.JenkinsRule$1.evaluate(JenkinsRule.java:597)
	at org.junit.internal.runners.statements.FailOnTimeout$CallableStatement.call(FailOnTimeout.java:288)
	at org.junit.internal.runners.statements.FailOnTimeout$CallableStatement.call(FailOnTimeout.java:282)
	at java.util.concurrent.FutureTask.run(FutureTask.java:266)
	at java.lang.Thread.run(Thread.java:748)
</failure>
    <system-out><![CDATA[=== Starting verifyInvalidMATLABRootError(com.mathworks.ci.RunMATLABTestsInteg)
]]></system-out>
    <system-err><![CDATA[   0.013 [id=231]	INFO	o.jvnet.hudson.test.JenkinsRule#createWebServer: Running on http://localhost:58329/jenkins/
   0.037 [id=244]	INFO	jenkins.InitReactorRunner$1#onAttained: Started initialization
   0.039 [id=258]	INFO	jenkins.InitReactorRunner$1#onAttained: Listed all plugins
   0.133 [id=266]	INFO	jenkins.InitReactorRunner$1#onAttained: Prepared all plugins
   0.135 [id=266]	INFO	jenkins.InitReactorRunner$1#onAttained: Started all plugins
   0.137 [id=258]	INFO	jenkins.InitReactorRunner$1#onAttained: Augmented all extensions
   0.935 [id=258]	INFO	jenkins.InitReactorRunner$1#onAttained: Loaded all jobs
   0.944 [id=255]	INFO	jenkins.InitReactorRunner$1#onAttained: Completed initialization
  15.898 [id=231]	INFO	jenkins.model.Jenkins#cleanUp: Stopping Jenkins
  15.913 [id=231]	INFO	jenkins.model.Jenkins#cleanUp: Jenkins stopped
]]></system-err>
  </testcase>
  <testcase name="verifyBuildStepWithMatlabTestBuilder" classname="com.mathworks.ci.RunMATLABTestsInteg" time="0.629"/>
  <testcase name="verifySTMResultsFilePathInput" classname="com.mathworks.ci.RunMATLABTestsInteg" time="18.353"/>
  <testcase name="verifyMATLABEmptyRootError" classname="com.mathworks.ci.RunMATLABTestsInteg" time="15.69"/>
  <testcase name="verifyTAPTestFilePathInput" classname="com.mathworks.ci.RunMATLABTestsInteg" time="17.783"/>
  <testcase name="verifyBuilderFailsForInvalidMATLABPath" classname="com.mathworks.ci.RunMATLABTestsInteg" time="13.89">
    <failure message="unexpected build status; build log was:&#10;------&#10;Legacy code started this job.  No cause information is available&#10;Building in workspace C:\Users\vkayithi\jenkins_project\jenkins-matlab-plugin\target\tmp\j h7771538892424324850\workspace\test0&#10;[test0] $ cmd.exe /C C:\Users\vkayithi\jenkins_project\jenkins-matlab-plugin\target/tmp\cb6cf270-be2f-499c-855e-4f1afad04f5c\run_matlab_command.bat &quot;exit(runMatlabTests())&quot;&#10;Finished: SUCCESS&#10;&#10;------&#10;&#10;Expected: is &lt;FAILURE&gt;&#10;     but: was &lt;SUCCESS&gt;" type="java.lang.AssertionError"><![CDATA[java.lang.AssertionError: 
unexpected build status; build log was:
------
Legacy code started this job.  No cause information is available
Building in workspace C:\Users\vkayithi\jenkins_project\jenkins-matlab-plugin\target\tmp\j h7771538892424324850\workspace\test0
[test0] $ cmd.exe /C C:\Users\vkayithi\jenkins_project\jenkins-matlab-plugin\target/tmp\cb6cf270-be2f-499c-855e-4f1afad04f5c\run_matlab_command.bat "exit(runMatlabTests())"
Finished: SUCCESS

------

Expected: is <FAILURE>
     but: was <SUCCESS>
	at org.hamcrest.MatcherAssert.assertThat(MatcherAssert.java:20)
	at org.junit.Assert.assertThat(Assert.java:964)
	at org.jvnet.hudson.test.JenkinsRule.assertBuildStatus(JenkinsRule.java:1328)
	at com.mathworks.ci.RunMATLABTestsInteg.verifyBuilderFailsForInvalidMATLABPath(RunMATLABTestsInteg.java:147)
	at sun.reflect.NativeMethodAccessorImpl.invoke0(Native Method)
	at sun.reflect.NativeMethodAccessorImpl.invoke(NativeMethodAccessorImpl.java:62)
	at sun.reflect.DelegatingMethodAccessorImpl.invoke(DelegatingMethodAccessorImpl.java:43)
	at java.lang.reflect.Method.invoke(Method.java:498)
	at org.junit.runners.model.FrameworkMethod$1.runReflectiveCall(FrameworkMethod.java:59)
	at org.junit.internal.runners.model.ReflectiveCallable.run(ReflectiveCallable.java:12)
	at org.junit.runners.model.FrameworkMethod.invokeExplosively(FrameworkMethod.java:56)
	at org.junit.internal.runners.statements.InvokeMethod.evaluate(InvokeMethod.java:17)
	at org.junit.internal.runners.statements.RunBefores.evaluate(RunBefores.java:26)
	at org.junit.internal.runners.statements.RunAfters.evaluate(RunAfters.java:27)
	at org.jvnet.hudson.test.JenkinsRule$1.evaluate(JenkinsRule.java:597)
	at org.junit.internal.runners.statements.FailOnTimeout$CallableStatement.call(FailOnTimeout.java:288)
	at org.junit.internal.runners.statements.FailOnTimeout$CallableStatement.call(FailOnTimeout.java:282)
	at java.util.concurrent.FutureTask.run(FutureTask.java:266)
	at java.lang.Thread.run(Thread.java:748)
]]></failure>
    <system-out><![CDATA[=== Starting verifyBuilderFailsForInvalidMATLABPath(com.mathworks.ci.RunMATLABTestsInteg)
]]></system-out>
    <system-err><![CDATA[   0.011 [id=538]	INFO	o.jvnet.hudson.test.JenkinsRule#createWebServer: Running on http://localhost:58448/jenkins/
   0.033 [id=551]	INFO	jenkins.InitReactorRunner$1#onAttained: Started initialization
   0.035 [id=565]	INFO	jenkins.InitReactorRunner$1#onAttained: Listed all plugins
   0.106 [id=572]	INFO	jenkins.InitReactorRunner$1#onAttained: Prepared all plugins
   0.109 [id=572]	INFO	jenkins.InitReactorRunner$1#onAttained: Started all plugins
   0.111 [id=551]	INFO	jenkins.InitReactorRunner$1#onAttained: Augmented all extensions
   0.345 [id=553]	INFO	jenkins.InitReactorRunner$1#onAttained: Loaded all jobs
   0.361 [id=573]	INFO	jenkins.InitReactorRunner$1#onAttained: Completed initialization
  13.666 [id=575]	INFO	hudson.model.Run#execute: test0 #1 main build action completed: SUCCESS
  13.681 [id=538]	INFO	jenkins.model.Jenkins#cleanUp: Stopping Jenkins
  13.762 [id=538]	INFO	jenkins.model.Jenkins#cleanUp: Jenkins stopped
]]></system-err>
  </testcase>
  <testcase name="verifyMatrixBuildPasses" classname="com.mathworks.ci.RunMATLABTestsInteg" time="6.151"/>
  <testcase name="verifyModelCoverageFilePathInput" classname="com.mathworks.ci.RunMATLABTestsInteg" time="18.066"/>
  <testcase name="verifyCoberturaFilePathInput" classname="com.mathworks.ci.RunMATLABTestsInteg" time="102.244"/>
</testsuite>