<?xml version="1.0" encoding="UTF-8"?>
<testsuite xmlns:xsi="http://www.w3.org/2001/XMLSchema-instance" xsi:schemaLocation="https://maven.apache.org/surefire/maven-surefire-plugin/xsd/surefire-test-report.xsd" name="com.mathworks.ci.RunMATLABCommandInteg" time="8.955" tests="1" errors="0" skipped="0" failures="1">
  <properties>
[...]
</properties>
  <testcase name="verifyBuildPassesWhenMatlabCommandPasses" classname="com.mathworks.ci.RunMATLABCommandInteg" time="8.885">
    <failure message="unexpected build status; build log was:&#10;------&#10;Legacy code started this job.  No cause information is available&#10;Building in workspace C:\Users\vkayithi\jenkins_project\jenkins-matlab-plugin\target\tmp\j h4187499372499203274\workspace\test0&#10;Error finding MATLAB release for given MATLAB root. Verify MATLAB root path.&#10;Build step &apos;null&apos; changed build result to FAILURE&#10;Finished: FAILURE&#10;&#10;------&#10;&#10;Expected: is &lt;SUCCESS&gt;&#10;     but: was &lt;FAILURE&gt;" type="java.lang.AssertionError"><![CDATA[java.lang.AssertionError: 
unexpected build status; build log was:
------
Legacy code started this job.  No cause information is available
Building in workspace C:\Users\vkayithi\jenkins_project\jenkins-matlab-plugin\target\tmp\j h4187499372499203274\workspace\test0
Error finding MATLAB release for given MATLAB root. Verify MATLAB root path.
Build step 'null' changed build result to FAILURE
Finished: FAILURE

------

Expected: is <SUCCESS>
     but: was <FAILURE>
	at org.hamcrest.MatcherAssert.assertThat(MatcherAssert.java:20)
	at org.junit.Assert.assertThat(Assert.java:964)
	at org.jvnet.hudson.test.JenkinsRule.assertBuildStatus(JenkinsRule.java:1328)
	at com.mathworks.ci.RunMATLABCommandInteg.verifyBuildPassesWhenMatlabCommandPasses(RunMATLABCommandInteg.java:136)
	at sun.reflect.NativeMethodAccessorImpl.invoke0(Native Method)
	at sun.reflect.NativeMethodAccessorImpl.invoke(NativeMethodAccessorImpl.java:62)
	at sun.reflect.DelegatingMethodAccessorImpl.invoke(DelegatingMethodAccessorImpl.java:43)
	at java.lang.reflect.Method.invoke(Method.java:498)
	at org.junit.runners.model.FrameworkMethod$1.runReflectiveCall(FrameworkMethod.java:59)
	at org.junit.internal.runners.model.ReflectiveCallable.run(ReflectiveCallable.java:12)
	at org.junit.runners.model.FrameworkMethod.invokeExplosively(FrameworkMethod.java:56)
	at org.junit.internal.runners.statements.InvokeMethod.evaluate(InvokeMethod.java:17)
	at org.junit.internal.runners.statements.RunBefores.evaluate(RunBefores.java:26)
	at org.junit.internal.runners.statements.RunAfters.evaluate(RunAfters.java:27)
	at org.jvnet.hudson.test.JenkinsRule$1.evaluate(JenkinsRule.java:597)
	at org.junit.internal.runners.statements.FailOnTimeout$CallableStatement.call(FailOnTimeout.java:288)
	at org.junit.internal.runners.statements.FailOnTimeout$CallableStatement.call(FailOnTimeout.java:282)
	at java.util.concurrent.FutureTask.run(FutureTask.java:266)
	at java.lang.Thread.run(Thread.java:748)
]]></failure>
    <system-out><![CDATA[=== Starting verifyBuildPassesWhenMatlabCommandPasses(com.mathworks.ci.RunMATLABCommandInteg)
******************
*****************************

Legacy code started this job.  No cause information is available
Building in workspace C:\Users\vkayithi\jenkins_project\jenkins-matlab-plugin\target\tmp\j h4187499372499203274\workspace\test0
Error finding MATLAB release for given MATLAB root. Verify MATLAB root path.
Build step 'null' changed build result to FAILURE
Finished: FAILURE

******************
*****************************

]]></system-out>
    <system-err><![CDATA[   0.089 [id=15]	INFO	o.jvnet.hudson.test.WarExploder#explode: Picking up existing exploded jenkins.war at C:\Users\vkayithi\jenkins_project\jenkins-matlab-plugin\target\jenkins-for-test
   0.334 [id=15]	INFO	o.jvnet.hudson.test.JenkinsRule#createWebServer: Running on http://localhost:62640/jenkins/
   1.758 [id=29]	INFO	jenkins.InitReactorRunner$1#onAttained: Started initialization
   2.976 [id=28]	INFO	jenkins.InitReactorRunner$1#onAttained: Listed all plugins
   4.472 [id=49]	INFO	jenkins.InitReactorRunner$1#onAttained: Prepared all plugins
   4.481 [id=50]	INFO	jenkins.InitReactorRunner$1#onAttained: Started all plugins
   4.487 [id=45]	INFO	jenkins.InitReactorRunner$1#onAttained: Augmented all extensions
   5.453 [id=38]	INFO	jenkins.InitReactorRunner$1#onAttained: Loaded all jobs
   5.649 [id=43]	INFO	jenkins.InitReactorRunner$1#onAttained: Completed initialization
   7.662 [id=53]	INFO	hudson.model.Run#execute: test0 #1 main build action completed: FAILURE
   7.733 [id=15]	INFO	jenkins.model.Jenkins#cleanUp: Stopping Jenkins
   7.962 [id=15]	INFO	jenkins.model.Jenkins#cleanUp: Jenkins stopped
]]></system-err>
  </testcase>
</testsuite>